app/build/intermediates/manifest_merge_blame_file/debug/manifest-merger-blame-debug-report.txt
1<?xml version="1.0" encoding="utf-8"?>
2<manifest xmlns:android="http://schemas.android.com/apk/res/android"
3    package="com.fro.room_sunalarmcase"
4    android:versionCode="1"
5    android:versionName="1.0" > <!-- <uses-permission android:name="android.permission.WRITE_EXTERNAL_STORAGE" /> -->
6    <uses-sdk
6-->src\main\AndroidManifest.xml:16:5-18:41
7        android:minSdkVersion="24"
7-->src\main\AndroidManifest.xml:17:9-35
8        android:targetSdkVersion="28" />
8-->src\main\AndroidManifest.xml:18:9-38
9
10    <!-- wifi -->
11    <uses-permission android:name="android.permission.INTERNET" />
11-->src\main\AndroidManifest.xml:8:5-67
11-->src\main\AndroidManifest.xml:8:22-64
12    <uses-permission android:name="android.permission.ACCESS_WIFI_STATE" />
12-->src\main\AndroidManifest.xml:9:5-76
12-->src\main\AndroidManifest.xml:9:22-73
13    <uses-permission android:name="android.permission.CHANGE_WIFI_STATE" />
13-->src\main\AndroidManifest.xml:10:5-76
13-->src\main\AndroidManifest.xml:10:22-73
14    <uses-permission android:name="android.permission.WAKE_LOCK" />
14-->src\main\AndroidManifest.xml:11:5-68
14-->src\main\AndroidManifest.xml:11:22-65
15    <uses-permission android:name="android.permission.RESTART_PACKAGES" />
15-->src\main\AndroidManifest.xml:12:5-75
15-->src\main\AndroidManifest.xml:12:22-72
16    <uses-permission android:name="READ_PHONE_STATE" />
16-->src\main\AndroidManifest.xml:13:5-55
16-->src\main\AndroidManifest.xml:13:22-53
17
18    <application
18-->src\main\AndroidManifest.xml:20:5-49:19
19        android:allowBackup="true"
19-->src\main\AndroidManifest.xml:21:9-35
20        android:appComponentFactory="androidx.core.app.CoreComponentFactory"
20-->[androidx.core:core:1.5.0] AndroidManifest.xml:24:18-86
21        android:debuggable="true"
22        android:extractNativeLibs="false"
23        android:icon="@drawable/icon1"
23-->src\main\AndroidManifest.xml:22:9-39
24        android:label="@string/app_name"
24-->src\main\AndroidManifest.xml:23:9-41
25        android:theme="@style/AppTheme" >
25-->src\main\AndroidManifest.xml:24:9-40
26        <activity
26-->src\main\AndroidManifest.xml:25:9-32:20
27            android:name="com.fro.room_sunalarmcase.MainActivity"
27-->src\main\AndroidManifest.xml:26:13-41
28            android:label="@string/app_name"
28-->src\main\AndroidManifest.xml:27:13-45
29            android:parentActivityName="com.fro.room_sunalarmcase.splash_activity"
29-->src\main\AndroidManifest.xml:28:13-58
30            android:screenOrientation="portrait" >
30-->src\main\AndroidManifest.xml:29:13-49
31            <meta-data
31-->src\main\AndroidManifest.xml:30:13-31:76
32                android:name="android.support.PARENT_ACTIVITY"
32-->src\main\AndroidManifest.xml:30:24-70
33                android:value="com.fro.room_sunalarmcase.splash_activity" />
33-->src\main\AndroidManifest.xml:31:17-74
34        </activity>
35        <activity
35-->src\main\AndroidManifest.xml:33:9-39:20
36            android:name="com.fro.room_sunalarmcase.ShowStoredData"
36-->src\main\AndroidManifest.xml:33:19-49
37            android:label="@string/label2"
37-->src\main\AndroidManifest.xml:34:13-43
38            android:parentActivityName="com.fro.room_sunalarmcase.MainActivity"
38-->src\main\AndroidManifest.xml:35:13-55
39            android:screenOrientation="portrait" >
39-->src\main\AndroidManifest.xml:36:13-49
40            <meta-data
40-->src\main\AndroidManifest.xml:30:13-31:76
41                android:name="android.support.PARENT_ACTIVITY"
41-->src\main\AndroidManifest.xml:30:24-70
42                android:value="com.fro.room_sunalarmcase.MainActivity" />
42-->src\main\AndroidManifest.xml:31:17-74
43        </activity>
44        <activity
44-->src\main\AndroidManifest.xml:40:9-47:20
45            android:name="com.fro.room_sunalarmcase.splash_activity"
45-->src\main\AndroidManifest.xml:41:13-44
46            android:screenOrientation="portrait" >
46-->src\main\AndroidManifest.xml:42:13-49
47            <intent-filter>
47-->src\main\AndroidManifest.xml:43:13-46:29
48                <action android:name="android.intent.action.MAIN" />
48-->src\main\AndroidManifest.xml:44:17-69
48-->src\main\AndroidManifest.xml:44:25-66
49
50                <category android:name="android.intent.category.LAUNCHER" />
50-->src\main\AndroidManifest.xml:45:17-77
50-->src\main\AndroidManifest.xml:45:27-74
51            </intent-filter>
52        </activity>
53        <activity
53-->[com.mylhyl:acp:1.2.0] AndroidManifest.xml:12:9-15:56
54            android:name="com.mylhyl.acp.AcpActivity"
54-->[com.mylhyl:acp:1.2.0] AndroidManifest.xml:13:13-54
55            android:launchMode="singleTask"
55-->[com.mylhyl:acp:1.2.0] AndroidManifest.xml:14:13-44
56            android:theme="@style/Theme.Transparent" />
56-->[com.mylhyl:acp:1.2.0] AndroidManifest.xml:15:13-53
57    </application>
58
59</manifest>